nohup: ignoring input
Main  2025-11-17 14:19:02 +0800 INFO: Sanic v25.3.0
INFO:sanic.root:Sanic v25.3.0
Main  2025-11-17 14:19:02 +0800 INFO: Goin' Fast @ http://0.0.0.0:8000
INFO:sanic.root:Goin' Fast @ http://0.0.0.0:8000
Main  2025-11-17 14:19:02 +0800 INFO: app: EchoServer
INFO:sanic.root:app: EchoServer
Main  2025-11-17 14:19:02 +0800 INFO: mode: production, single worker
INFO:sanic.root:mode: production, single worker
Main  2025-11-17 14:19:02 +0800 INFO: server: sanic, HTTP/1.1
INFO:sanic.root:server: sanic, HTTP/1.1
Main  2025-11-17 14:19:02 +0800 INFO: python: 3.10.12
INFO:sanic.root:python: 3.10.12
Main  2025-11-17 14:19:02 +0800 INFO: platform: Linux-5.15.0-60-generic-x86_64-with-glibc2.35
INFO:sanic.root:platform: Linux-5.15.0-60-generic-x86_64-with-glibc2.35
Main  2025-11-17 14:19:02 +0800 INFO: packages: sanic-routing==23.12.0
INFO:sanic.root:packages: sanic-routing==23.12.0
Srv 0 2025-11-17 14:19:03 +0800 INFO: Starting worker [969135]
INFO:sanic.server:Starting worker [969135]

[2025-11-17 14:19:53.298508] Received HTTP Request:
Headers: <Header('host': '127.0.0.1:8000', 'user-agent': 'python-requests/2.32.5', 'accept-encoding': 'gzip, deflate', 'accept': '*/*', 'connection': 'close', 'content-length': '46', 'content-type': 'application/json', '{"thread"': '4, "seq": 0, "msg": "hello tcprtt"}')>
Body: {"thread": 4, "seq": 0, "msg": "hello tcprtt"}
Parsed JSON: {'thread': 4, 'seq': 0, 'msg': 'hello tcprtt'}

[2025-11-17 14:19:53.299145] Received HTTP Request:
Headers: <Header('host': '127.0.0.1:8000', 'user-agent': 'python-requests/2.32.5', 'accept-encoding': 'gzip, deflate', 'accept': '*/*', 'connection': 'close', 'content-length': '46', 'content-type': 'application/json', '{"thread"': '0, "seq": 0, "msg": "hello tcprtt"}')>
Body: {"thread": 0, "seq": 0, "msg": "hello tcprtt"}
Parsed JSON: {'thread': 0, 'seq': 0, 'msg': 'hello tcprtt'}

[2025-11-17 14:19:53.503357] Received HTTP Request:
Headers: <Header('host': '127.0.0.1:8000', 'user-agent': 'python-requests/2.32.5', 'accept-encoding': 'gzip, deflate', 'accept': '*/*', 'connection': 'close', 'content-length': '46', 'content-type': 'application/json', '{"thread"': '4, "seq": 1, "msg": "hello tcprtt"}')>
Body: {"thread": 4, "seq": 1, "msg": "hello tcprtt"}
Parsed JSON: {'thread': 4, 'seq': 1, 'msg': 'hello tcprtt'}

[2025-11-17 14:19:53.503662] Received HTTP Request:
Headers: <Header('host': '127.0.0.1:8000', 'user-agent': 'python-requests/2.32.5', 'accept-encoding': 'gzip, deflate', 'accept': '*/*', 'connection': 'close', 'content-length': '46', 'content-type': 'application/json', '{"thread"': '0, "seq": 1, "msg": "hello tcprtt"}')>
Body: {"thread": 0, "seq": 1, "msg": "hello tcprtt"}
Parsed JSON: {'thread': 0, 'seq': 1, 'msg': 'hello tcprtt'}

[2025-11-17 14:19:53.707407] Received HTTP Request:
Headers: <Header('host': '127.0.0.1:8000', 'user-agent': 'python-requests/2.32.5', 'accept-encoding': 'gzip, deflate', 'accept': '*/*', 'connection': 'close', 'content-length': '46', 'content-type': 'application/json', '{"thread"': '0, "seq": 2, "msg": "hello tcprtt"}')>
Body: {"thread": 0, "seq": 2, "msg": "hello tcprtt"}
Parsed JSON: {'thread': 0, 'seq': 2, 'msg': 'hello tcprtt'}

[2025-11-17 14:19:53.910214] Received HTTP Request:
Headers: <Header('host': '127.0.0.1:8000', 'user-agent': 'python-requests/2.32.5', 'accept-encoding': 'gzip, deflate', 'accept': '*/*', 'connection': 'close', 'content-length': '46', 'content-type': 'application/json', '{"thread"': '0, "seq": 3, "msg": "hello tcprtt"}')>
Body: {"thread": 0, "seq": 3, "msg": "hello tcprtt"}
Parsed JSON: {'thread': 0, 'seq': 3, 'msg': 'hello tcprtt'}

[2025-11-17 14:19:54.738296] Received HTTP Request:
Headers: <Header('host': '127.0.0.1:8000', 'user-agent': 'python-requests/2.32.5', 'accept-encoding': 'gzip, deflate', 'accept': '*/*', 'connection': 'close', 'content-length': '46', 'content-type': 'application/json', '{"thread"': '4, "seq": 2, "msg": "hello tcprtt"}')>
Body: {"thread": 4, "seq": 2, "msg": "hello tcprtt"}
Parsed JSON: {'thread': 4, 'seq': 2, 'msg': 'hello tcprtt'}

[2025-11-17 14:19:55.122393] Received HTTP Request:
Headers: <Header('host': '127.0.0.1:8000', 'user-agent': 'python-requests/2.32.5', 'accept-encoding': 'gzip, deflate', 'accept': '*/*', 'connection': 'close', 'content-length': '46', 'content-type': 'application/json', '{"thread"': '0, "seq": 4, "msg": "hello tcprtt"}')>
Body: {"thread": 0, "seq": 4, "msg": "hello tcprtt"}
Parsed JSON: {'thread': 0, 'seq': 4, 'msg': 'hello tcprtt'}

[2025-11-17 14:19:55.325288] Received HTTP Request:
Headers: <Header('host': '127.0.0.1:8000', 'user-agent': 'python-requests/2.32.5', 'accept-encoding': 'gzip, deflate', 'accept': '*/*', 'connection': 'close', 'content-length': '46', 'content-type': 'application/json', '{"thread"': '0, "seq": 5, "msg": "hello tcprtt"}')>
Body: {"thread": 0, "seq": 5, "msg": "hello tcprtt"}
Parsed JSON: {'thread': 0, 'seq': 5, 'msg': 'hello tcprtt'}

[2025-11-17 14:19:55.506210] Received HTTP Request:
Headers: <Header('host': '127.0.0.1:8000', 'user-agent': 'python-requests/2.32.5', 'accept-encoding': 'gzip, deflate', 'accept': '*/*', 'connection': 'close', 'content-length': '46', 'content-type': 'application/json', '{"thread"': '2, "seq": 1, "msg": "hello tcprtt"}')>
Body: {"thread": 2, "seq": 1, "msg": "hello tcprtt"}
Parsed JSON: {'thread': 2, 'seq': 1, 'msg': 'hello tcprtt'}

[2025-11-17 14:19:55.506474] Received HTTP Request:
Headers: <Header('host': '127.0.0.1:8000', 'user-agent': 'python-requests/2.32.5', 'accept-encoding': 'gzip, deflate', 'accept': '*/*', 'connection': 'close', 'content-length': '46', 'content-type': 'application/json', '{"thread"': '1, "seq": 1, "msg": "hello tcprtt"}')>
Body: {"thread": 1, "seq": 1, "msg": "hello tcprtt"}
Parsed JSON: {'thread': 1, 'seq': 1, 'msg': 'hello tcprtt'}

[2025-11-17 14:19:55.711149] Received HTTP Request:
Headers: <Header('host': '127.0.0.1:8000', 'user-agent': 'python-requests/2.32.5', 'accept-encoding': 'gzip, deflate', 'accept': '*/*', 'connection': 'close', 'content-length': '46', 'content-type': 'application/json', '{"thread"': '1, "seq": 2, "msg": "hello tcprtt"}')>
Body: {"thread": 1, "seq": 2, "msg": "hello tcprtt"}
Parsed JSON: {'thread': 1, 'seq': 2, 'msg': 'hello tcprtt'}

[2025-11-17 14:19:55.914798] Received HTTP Request:
Headers: <Header('host': '127.0.0.1:8000', 'user-agent': 'python-requests/2.32.5', 'accept-encoding': 'gzip, deflate', 'accept': '*/*', 'connection': 'close', 'content-length': '46', 'content-type': 'application/json', '{"thread"': '1, "seq": 3, "msg": "hello tcprtt"}')>
Body: {"thread": 1, "seq": 3, "msg": "hello tcprtt"}
Parsed JSON: {'thread': 1, 'seq': 3, 'msg': 'hello tcprtt'}

[2025-11-17 14:19:55.954236] Received HTTP Request:
Headers: <Header('host': '127.0.0.1:8000', 'user-agent': 'python-requests/2.32.5', 'accept-encoding': 'gzip, deflate', 'accept': '*/*', 'connection': 'close', 'content-length': '46', 'content-type': 'application/json', '{"thread"': '4, "seq": 3, "msg": "hello tcprtt"}')>
Body: {"thread": 4, "seq": 3, "msg": "hello tcprtt"}
Parsed JSON: {'thread': 4, 'seq': 3, 'msg': 'hello tcprtt'}

[2025-11-17 14:19:56.117876] Received HTTP Request:
Headers: <Header('host': '127.0.0.1:8000', 'user-agent': 'python-requests/2.32.5', 'accept-encoding': 'gzip, deflate', 'accept': '*/*', 'connection': 'close', 'content-length': '46', 'content-type': 'application/json', '{"thread"': '1, "seq": 4, "msg": "hello tcprtt"}')>
Body: {"thread": 1, "seq": 4, "msg": "hello tcprtt"}
Parsed JSON: {'thread': 1, 'seq': 4, 'msg': 'hello tcprtt'}

[2025-11-17 14:19:56.157326] Received HTTP Request:
Headers: <Header('host': '127.0.0.1:8000', 'user-agent': 'python-requests/2.32.5', 'accept-encoding': 'gzip, deflate', 'accept': '*/*', 'connection': 'close', 'content-length': '46', 'content-type': 'application/json', '{"thread"': '4, "seq": 4, "msg": "hello tcprtt"}')>
Body: {"thread": 4, "seq": 4, "msg": "hello tcprtt"}
Parsed JSON: {'thread': 4, 'seq': 4, 'msg': 'hello tcprtt'}

[2025-11-17 14:19:56.320976] Received HTTP Request:
Headers: <Header('host': '127.0.0.1:8000', 'user-agent': 'python-requests/2.32.5', 'accept-encoding': 'gzip, deflate', 'accept': '*/*', 'connection': 'close', 'content-length': '46', 'content-type': 'application/json', '{"thread"': '1, "seq": 5, "msg": "hello tcprtt"}')>
Body: {"thread": 1, "seq": 5, "msg": "hello tcprtt"}
Parsed JSON: {'thread': 1, 'seq': 5, 'msg': 'hello tcprtt'}

[2025-11-17 14:19:56.360396] Received HTTP Request:
Headers: <Header('host': '127.0.0.1:8000', 'user-agent': 'python-requests/2.32.5', 'accept-encoding': 'gzip, deflate', 'accept': '*/*', 'connection': 'close', 'content-length': '46', 'content-type': 'application/json', '{"thread"': '4, "seq": 5, "msg": "hello tcprtt"}')>
Body: {"thread": 4, "seq": 5, "msg": "hello tcprtt"}
Parsed JSON: {'thread': 4, 'seq': 5, 'msg': 'hello tcprtt'}

[2025-11-17 14:19:56.523887] Received HTTP Request:
Headers: <Header('host': '127.0.0.1:8000', 'user-agent': 'python-requests/2.32.5', 'accept-encoding': 'gzip, deflate', 'accept': '*/*', 'connection': 'close', 'content-length': '46', 'content-type': 'application/json', '{"thread"': '1, "seq": 6, "msg": "hello tcprtt"}')>
Body: {"thread": 1, "seq": 6, "msg": "hello tcprtt"}
Parsed JSON: {'thread': 1, 'seq': 6, 'msg': 'hello tcprtt'}

[2025-11-17 14:19:56.530471] Received HTTP Request:
Headers: <Header('host': '127.0.0.1:8000', 'user-agent': 'python-requests/2.32.5', 'accept-encoding': 'gzip, deflate', 'accept': '*/*', 'connection': 'close', 'content-length': '46', 'content-type': 'application/json', '{"thread"': '0, "seq": 6, "msg": "hello tcprtt"}')>
Body: {"thread": 0, "seq": 6, "msg": "hello tcprtt"}
Parsed JSON: {'thread': 0, 'seq': 6, 'msg': 'hello tcprtt'}

[2025-11-17 14:19:56.722627] Received HTTP Request:
Headers: <Header('host': '127.0.0.1:8000', 'user-agent': 'python-requests/2.32.5', 'accept-encoding': 'gzip, deflate', 'accept': '*/*', 'connection': 'close', 'content-length': '46', 'content-type': 'application/json', '{"thread"': '2, "seq": 2, "msg": "hello tcprtt"}')>
Body: {"thread": 2, "seq": 2, "msg": "hello tcprtt"}
Parsed JSON: {'thread': 2, 'seq': 2, 'msg': 'hello tcprtt'}

[2025-11-17 14:19:56.732868] Received HTTP Request:
Headers: <Header('host': '127.0.0.1:8000', 'user-agent': 'python-requests/2.32.5', 'accept-encoding': 'gzip, deflate', 'accept': '*/*', 'connection': 'close', 'content-length': '46', 'content-type': 'application/json', '{"thread"': '0, "seq": 7, "msg": "hello tcprtt"}')>
Body: {"thread": 0, "seq": 7, "msg": "hello tcprtt"}
Parsed JSON: {'thread': 0, 'seq': 7, 'msg': 'hello tcprtt'}

[2025-11-17 14:19:56.935952] Received HTTP Request:
Headers: <Header('host': '127.0.0.1:8000', 'user-agent': 'python-requests/2.32.5', 'accept-encoding': 'gzip, deflate', 'accept': '*/*', 'connection': 'close', 'content-length': '46', 'content-type': 'application/json', '{"thread"': '0, "seq": 8, "msg": "hello tcprtt"}')>
Body: {"thread": 0, "seq": 8, "msg": "hello tcprtt"}
Parsed JSON: {'thread': 0, 'seq': 8, 'msg': 'hello tcprtt'}

[2025-11-17 14:19:57.138787] Received HTTP Request:
Headers: <Header('host': '127.0.0.1:8000', 'user-agent': 'python-requests/2.32.5', 'accept-encoding': 'gzip, deflate', 'accept': '*/*', 'connection': 'close', 'content-length': '46', 'content-type': 'application/json', '{"thread"': '0, "seq": 9, "msg": "hello tcprtt"}')>
Body: {"thread": 0, "seq": 9, "msg": "hello tcprtt"}
Parsed JSON: {'thread': 0, 'seq': 9, 'msg': 'hello tcprtt'}

[2025-11-17 14:19:57.358433] Received HTTP Request:
Headers: <Header('host': '127.0.0.1:8000', 'user-agent': 'python-requests/2.32.5', 'accept-encoding': 'gzip, deflate', 'accept': '*/*', 'connection': 'close', 'content-length': '47', 'content-type': 'application/json', '{"thread"': '0, "seq": 10, "msg": "hello tcprtt"}')>
Body: {"thread": 0, "seq": 10, "msg": "hello tcprtt"}
Parsed JSON: {'thread': 0, 'seq': 10, 'msg': 'hello tcprtt'}

[2025-11-17 14:19:57.706373] Received HTTP Request:
Headers: <Header('host': '127.0.0.1:8000', 'user-agent': 'python-requests/2.32.5', 'accept-encoding': 'gzip, deflate', 'accept': '*/*', 'connection': 'close', 'content-length': '46', 'content-type': 'application/json', '{"thread"': '3, "seq": 2, "msg": "hello tcprtt"}')>
Body: {"thread": 3, "seq": 2, "msg": "hello tcprtt"}
Parsed JSON: {'thread': 3, 'seq': 2, 'msg': 'hello tcprtt'}

[2025-11-17 14:19:57.989997] Received HTTP Request:
Headers: <Header('host': '127.0.0.1:8000', 'user-agent': 'python-requests/2.32.5', 'accept-encoding': 'gzip, deflate', 'accept': '*/*', 'connection': 'close', 'content-length': '46', 'content-type': 'application/json', '{"thread"': '4, "seq": 6, "msg": "hello tcprtt"}')>
Body: {"thread": 4, "seq": 6, "msg": "hello tcprtt"}
Parsed JSON: {'thread': 4, 'seq': 6, 'msg': 'hello tcprtt'}

[2025-11-17 14:19:58.193027] Received HTTP Request:
Headers: <Header('host': '127.0.0.1:8000', 'user-agent': 'python-requests/2.32.5', 'accept-encoding': 'gzip, deflate', 'accept': '*/*', 'connection': 'close', 'content-length': '46', 'content-type': 'application/json', '{"thread"': '4, "seq": 7, "msg": "hello tcprtt"}')>
Body: {"thread": 4, "seq": 7, "msg": "hello tcprtt"}
Parsed JSON: {'thread': 4, 'seq': 7, 'msg': 'hello tcprtt'}

[2025-11-17 14:19:58.395732] Received HTTP Request:
Headers: <Header('host': '127.0.0.1:8000', 'user-agent': 'python-requests/2.32.5', 'accept-encoding': 'gzip, deflate', 'accept': '*/*', 'connection': 'close', 'content-length': '46', 'content-type': 'application/json', '{"thread"': '4, "seq": 8, "msg": "hello tcprtt"}')>
Body: {"thread": 4, "seq": 8, "msg": "hello tcprtt"}
Parsed JSON: {'thread': 4, 'seq': 8, 'msg': 'hello tcprtt'}

[2025-11-17 14:19:58.582427] Received HTTP Request:
Headers: <Header('host': '127.0.0.1:8000', 'user-agent': 'python-requests/2.32.5', 'accept-encoding': 'gzip, deflate', 'accept': '*/*', 'connection': 'close', 'content-length': '47', 'content-type': 'application/json', '{"thread"': '0, "seq": 11, "msg": "hello tcprtt"}')>
Body: {"thread": 0, "seq": 11, "msg": "hello tcprtt"}
Parsed JSON: {'thread': 0, 'seq': 11, 'msg': 'hello tcprtt'}

[2025-11-17 14:19:58.598395] Received HTTP Request:
Headers: <Header('host': '127.0.0.1:8000', 'user-agent': 'python-requests/2.32.5', 'accept-encoding': 'gzip, deflate', 'accept': '*/*', 'connection': 'close', 'content-length': '46', 'content-type': 'application/json', '{"thread"': '4, "seq": 9, "msg": "hello tcprtt"}')>
Body: {"thread": 4, "seq": 9, "msg": "hello tcprtt"}
Parsed JSON: {'thread': 4, 'seq': 9, 'msg': 'hello tcprtt'}

[2025-11-17 14:19:58.785480] Received HTTP Request:
Headers: <Header('host': '127.0.0.1:8000', 'user-agent': 'python-requests/2.32.5', 'accept-encoding': 'gzip, deflate', 'accept': '*/*', 'connection': 'close', 'content-length': '47', 'content-type': 'application/json', '{"thread"': '0, "seq": 12, "msg": "hello tcprtt"}')>
Body: {"thread": 0, "seq": 12, "msg": "hello tcprtt"}
Parsed JSON: {'thread': 0, 'seq': 12, 'msg': 'hello tcprtt'}

[2025-11-17 14:19:58.930198] Received HTTP Request:
Headers: <Header('host': '127.0.0.1:8000', 'user-agent': 'python-requests/2.32.5', 'accept-encoding': 'gzip, deflate', 'accept': '*/*', 'connection': 'close', 'content-length': '46', 'content-type': 'application/json', '{"thread"': '3, "seq": 3, "msg": "hello tcprtt"}')>
Body: {"thread": 3, "seq": 3, "msg": "hello tcprtt"}
Parsed JSON: {'thread': 3, 'seq': 3, 'msg': 'hello tcprtt'}

[2025-11-17 14:19:59.826288] Received HTTP Request:
Headers: <Header('host': '127.0.0.1:8000', 'user-agent': 'python-requests/2.32.5', 'accept-encoding': 'gzip, deflate', 'accept': '*/*', 'connection': 'close', 'content-length': '47', 'content-type': 'application/json', '{"thread"': '4, "seq": 10, "msg": "hello tcprtt"}')>
Body: {"thread": 4, "seq": 10, "msg": "hello tcprtt"}
Parsed JSON: {'thread': 4, 'seq': 10, 'msg': 'hello tcprtt'}

[2025-11-17 14:20:00.018486] Received HTTP Request:
Headers: <Header('host': '127.0.0.1:8000', 'user-agent': 'python-requests/2.32.5', 'accept-encoding': 'gzip, deflate', 'accept': '*/*', 'connection': 'close', 'content-length': '47', 'content-type': 'application/json', '{"thread"': '0, "seq": 13, "msg": "hello tcprtt"}')>
Body: {"thread": 0, "seq": 13, "msg": "hello tcprtt"}
Parsed JSON: {'thread': 0, 'seq': 13, 'msg': 'hello tcprtt'}

[2025-11-17 14:20:00.174949] Received HTTP Request:
Headers: <Header('host': '127.0.0.1:8000', 'user-agent': 'python-requests/2.32.5', 'accept-encoding': 'gzip, deflate', 'accept': '*/*', 'connection': 'close', 'content-length': '46', 'content-type': 'application/json', '{"thread"': '2, "seq": 4, "msg": "hello tcprtt"}')>
Body: {"thread": 2, "seq": 4, "msg": "hello tcprtt"}
Parsed JSON: {'thread': 2, 'seq': 4, 'msg': 'hello tcprtt'}

[2025-11-17 14:20:01.020966] Received HTTP Request:
Headers: <Header('host': '127.0.0.1:8000', 'user-agent': 'python-requests/2.32.5', 'accept-encoding': 'gzip, deflate', 'accept': '*/*', 'connection': 'close', 'content-length': '46', 'content-type': 'application/json', '{"thread"': '2, "seq": 5, "msg": "hello tcprtt"}')>
Body: {"thread": 2, "seq": 5, "msg": "hello tcprtt"}
Parsed JSON: {'thread': 2, 'seq': 5, 'msg': 'hello tcprtt'}

[2025-11-17 14:20:01.042609] Received HTTP Request:
Headers: <Header('host': '127.0.0.1:8000', 'user-agent': 'python-requests/2.32.5', 'accept-encoding': 'gzip, deflate', 'accept': '*/*', 'connection': 'close', 'content-length': '47', 'content-type': 'application/json', '{"thread"': '4, "seq": 11, "msg": "hello tcprtt"}')>
Body: {"thread": 4, "seq": 11, "msg": "hello tcprtt"}
Parsed JSON: {'thread': 4, 'seq': 11, 'msg': 'hello tcprtt'}

[2025-11-17 14:20:01.224002] Received HTTP Request:
Headers: <Header('host': '127.0.0.1:8000', 'user-agent': 'python-requests/2.32.5', 'accept-encoding': 'gzip, deflate', 'accept': '*/*', 'connection': 'close', 'content-length': '46', 'content-type': 'application/json', '{"thread"': '2, "seq": 6, "msg": "hello tcprtt"}')>
Body: {"thread": 2, "seq": 6, "msg": "hello tcprtt"}
Parsed JSON: {'thread': 2, 'seq': 6, 'msg': 'hello tcprtt'}

[2025-11-17 14:20:01.245299] Received HTTP Request:
Headers: <Header('host': '127.0.0.1:8000', 'user-agent': 'python-requests/2.32.5', 'accept-encoding': 'gzip, deflate', 'accept': '*/*', 'connection': 'close', 'content-length': '47', 'content-type': 'application/json', '{"thread"': '4, "seq": 12, "msg": "hello tcprtt"}')>
Body: {"thread": 4, "seq": 12, "msg": "hello tcprtt"}
Parsed JSON: {'thread': 4, 'seq': 12, 'msg': 'hello tcprtt'}

[2025-11-17 14:20:01.337268] Received HTTP Request:
Headers: <Header('host': '127.0.0.1:8000', 'user-agent': 'python-requests/2.32.5', 'accept-encoding': 'gzip, deflate', 'accept': '*/*', 'connection': 'close', 'content-length': '46', 'content-type': 'application/json', '{"thread"': '3, "seq": 5, "msg": "hello tcprtt"}')>
Body: {"thread": 3, "seq": 5, "msg": "hello tcprtt"}
Parsed JSON: {'thread': 3, 'seq': 5, 'msg': 'hello tcprtt'}

[2025-11-17 14:20:01.426929] Received HTTP Request:
Headers: <Header('host': '127.0.0.1:8000', 'user-agent': 'python-requests/2.32.5', 'accept-encoding': 'gzip, deflate', 'accept': '*/*', 'connection': 'close', 'content-length': '46', 'content-type': 'application/json', '{"thread"': '2, "seq": 7, "msg": "hello tcprtt"}')>
Body: {"thread": 2, "seq": 7, "msg": "hello tcprtt"}
Parsed JSON: {'thread': 2, 'seq': 7, 'msg': 'hello tcprtt'}

[2025-11-17 14:20:01.448680] Received HTTP Request:
Headers: <Header('host': '127.0.0.1:8000', 'user-agent': 'python-requests/2.32.5', 'accept-encoding': 'gzip, deflate', 'accept': '*/*', 'connection': 'close', 'content-length': '47', 'content-type': 'application/json', '{"thread"': '4, "seq": 13, "msg": "hello tcprtt"}')>
Body: {"thread": 4, "seq": 13, "msg": "hello tcprtt"}
Parsed JSON: {'thread': 4, 'seq': 13, 'msg': 'hello tcprtt'}

[2025-11-17 14:20:01.552571] Received HTTP Request:
Headers: <Header('host': '127.0.0.1:8000', 'user-agent': 'python-requests/2.32.5', 'accept-encoding': 'gzip, deflate', 'accept': '*/*', 'connection': 'close', 'content-length': '46', 'content-type': 'application/json', '{"thread"': '3, "seq": 6, "msg": "hello tcprtt"}')>
Body: {"thread": 3, "seq": 6, "msg": "hello tcprtt"}
Parsed JSON: {'thread': 3, 'seq': 6, 'msg': 'hello tcprtt'}

[2025-11-17 14:20:01.629948] Received HTTP Request:
Headers: <Header('host': '127.0.0.1:8000', 'user-agent': 'python-requests/2.32.5', 'accept-encoding': 'gzip, deflate', 'accept': '*/*', 'connection': 'close', 'content-length': '46', 'content-type': 'application/json', '{"thread"': '2, "seq": 8, "msg": "hello tcprtt"}')>
Body: {"thread": 2, "seq": 8, "msg": "hello tcprtt"}
Parsed JSON: {'thread': 2, 'seq': 8, 'msg': 'hello tcprtt'}

[2025-11-17 14:20:01.755464] Received HTTP Request:
Headers: <Header('host': '127.0.0.1:8000', 'user-agent': 'python-requests/2.32.5', 'accept-encoding': 'gzip, deflate', 'accept': '*/*', 'connection': 'close', 'content-length': '46', 'content-type': 'application/json', '{"thread"': '3, "seq": 7, "msg": "hello tcprtt"}')>
Body: {"thread": 3, "seq": 7, "msg": "hello tcprtt"}
Parsed JSON: {'thread': 3, 'seq': 7, 'msg': 'hello tcprtt'}

[2025-11-17 14:20:01.832942] Received HTTP Request:
Headers: <Header('host': '127.0.0.1:8000', 'user-agent': 'python-requests/2.32.5', 'accept-encoding': 'gzip, deflate', 'accept': '*/*', 'connection': 'close', 'content-length': '46', 'content-type': 'application/json', '{"thread"': '2, "seq": 9, "msg": "hello tcprtt"}')>
Body: {"thread": 2, "seq": 9, "msg": "hello tcprtt"}
Parsed JSON: {'thread': 2, 'seq': 9, 'msg': 'hello tcprtt'}

[2025-11-17 14:20:01.958312] Received HTTP Request:
Headers: <Header('host': '127.0.0.1:8000', 'user-agent': 'python-requests/2.32.5', 'accept-encoding': 'gzip, deflate', 'accept': '*/*', 'connection': 'close', 'content-length': '46', 'content-type': 'application/json', '{"thread"': '3, "seq": 8, "msg": "hello tcprtt"}')>
Body: {"thread": 3, "seq": 8, "msg": "hello tcprtt"}
Parsed JSON: {'thread': 3, 'seq': 8, 'msg': 'hello tcprtt'}

[2025-11-17 14:20:02.161167] Received HTTP Request:
Headers: <Header('host': '127.0.0.1:8000', 'user-agent': 'python-requests/2.32.5', 'accept-encoding': 'gzip, deflate', 'accept': '*/*', 'connection': 'close', 'content-length': '46', 'content-type': 'application/json', '{"thread"': '3, "seq": 9, "msg": "hello tcprtt"}')>
Body: {"thread": 3, "seq": 9, "msg": "hello tcprtt"}
Parsed JSON: {'thread': 3, 'seq': 9, 'msg': 'hello tcprtt'}

[2025-11-17 14:20:02.386408] Received HTTP Request:
Headers: <Header('host': '127.0.0.1:8000', 'user-agent': 'python-requests/2.32.5', 'accept-encoding': 'gzip, deflate', 'accept': '*/*', 'connection': 'close', 'content-length': '46', 'content-type': 'application/json', '{"thread"': '3, "seq": 4, "msg": "hello tcprtt"}')>
Body: {"thread": 3, "seq": 4, "msg": "hello tcprtt"}
Parsed JSON: {'thread': 3, 'seq': 4, 'msg': 'hello tcprtt'}

[2025-11-17 14:20:03.058638] Received HTTP Request:
Headers: <Header('host': '127.0.0.1:8000', 'user-agent': 'python-requests/2.32.5', 'accept-encoding': 'gzip, deflate', 'accept': '*/*', 'connection': 'close', 'content-length': '47', 'content-type': 'application/json', '{"thread"': '2, "seq": 10, "msg": "hello tcprtt"}')>
Body: {"thread": 2, "seq": 10, "msg": "hello tcprtt"}
Parsed JSON: {'thread': 2, 'seq': 10, 'msg': 'hello tcprtt'}

[2025-11-17 14:20:03.261948] Received HTTP Request:
Headers: <Header('host': '127.0.0.1:8000', 'user-agent': 'python-requests/2.32.5', 'accept-encoding': 'gzip, deflate', 'accept': '*/*', 'connection': 'close', 'content-length': '47', 'content-type': 'application/json', '{"thread"': '2, "seq": 11, "msg": "hello tcprtt"}')>
Body: {"thread": 2, "seq": 11, "msg": "hello tcprtt"}
Parsed JSON: {'thread': 2, 'seq': 11, 'msg': 'hello tcprtt'}

[2025-11-17 14:20:03.379355] Received HTTP Request:
Headers: <Header('host': '127.0.0.1:8000', 'user-agent': 'python-requests/2.32.5', 'accept-encoding': 'gzip, deflate', 'accept': '*/*', 'connection': 'close', 'content-length': '47', 'content-type': 'application/json', '{"thread"': '3, "seq": 10, "msg": "hello tcprtt"}')>
Body: {"thread": 3, "seq": 10, "msg": "hello tcprtt"}
Parsed JSON: {'thread': 3, 'seq': 10, 'msg': 'hello tcprtt'}

[2025-11-17 14:20:03.439250] Received HTTP Request:
Headers: <Header('host': '127.0.0.1:8000', 'user-agent': 'python-requests/2.32.5', 'accept-encoding': 'gzip, deflate', 'accept': '*/*', 'connection': 'close', 'content-length': '47', 'content-type': 'application/json', '{"thread"': '0, "seq": 15, "msg": "hello tcprtt"}')>
Body: {"thread": 0, "seq": 15, "msg": "hello tcprtt"}
Parsed JSON: {'thread': 0, 'seq': 15, 'msg': 'hello tcprtt'}

[2025-11-17 14:20:03.480957] Received HTTP Request:
Headers: <Header('host': '127.0.0.1:8000', 'user-agent': 'python-requests/2.32.5', 'accept-encoding': 'gzip, deflate', 'accept': '*/*', 'connection': 'close', 'content-length': '47', 'content-type': 'application/json', '{"thread"': '2, "seq": 12, "msg": "hello tcprtt"}')>
Body: {"thread": 2, "seq": 12, "msg": "hello tcprtt"}
Parsed JSON: {'thread': 2, 'seq': 12, 'msg': 'hello tcprtt'}

[2025-11-17 14:20:03.582308] Received HTTP Request:
Headers: <Header('host': '127.0.0.1:8000', 'user-agent': 'python-requests/2.32.5', 'accept-encoding': 'gzip, deflate', 'accept': '*/*', 'connection': 'close', 'content-length': '47', 'content-type': 'application/json', '{"thread"': '3, "seq": 11, "msg": "hello tcprtt"}')>
Body: {"thread": 3, "seq": 11, "msg": "hello tcprtt"}
Parsed JSON: {'thread': 3, 'seq': 11, 'msg': 'hello tcprtt'}

[2025-11-17 14:20:03.642838] Received HTTP Request:
Headers: <Header('host': '127.0.0.1:8000', 'user-agent': 'python-requests/2.32.5', 'accept-encoding': 'gzip, deflate', 'accept': '*/*', 'connection': 'close', 'content-length': '47', 'content-type': 'application/json', '{"thread"': '0, "seq": 16, "msg": "hello tcprtt"}')>
Body: {"thread": 0, "seq": 16, "msg": "hello tcprtt"}
Parsed JSON: {'thread': 0, 'seq': 16, 'msg': 'hello tcprtt'}

[2025-11-17 14:20:03.684110] Received HTTP Request:
Headers: <Header('host': '127.0.0.1:8000', 'user-agent': 'python-requests/2.32.5', 'accept-encoding': 'gzip, deflate', 'accept': '*/*', 'connection': 'close', 'content-length': '47', 'content-type': 'application/json', '{"thread"': '2, "seq": 13, "msg": "hello tcprtt"}')>
Body: {"thread": 2, "seq": 13, "msg": "hello tcprtt"}
Parsed JSON: {'thread': 2, 'seq': 13, 'msg': 'hello tcprtt'}

[2025-11-17 14:20:03.855110] Received HTTP Request:
Headers: <Header('host': '127.0.0.1:8000', 'user-agent': 'python-requests/2.32.5', 'accept-encoding': 'gzip, deflate', 'accept': '*/*', 'connection': 'close', 'content-length': '47', 'content-type': 'application/json', '{"thread"': '4, "seq": 15, "msg": "hello tcprtt"}')>
Body: {"thread": 4, "seq": 15, "msg": "hello tcprtt"}
Parsed JSON: {'thread': 4, 'seq': 15, 'msg': 'hello tcprtt'}

[2025-11-17 14:20:03.887037] Received HTTP Request:
Headers: <Header('host': '127.0.0.1:8000', 'user-agent': 'python-requests/2.32.5', 'accept-encoding': 'gzip, deflate', 'accept': '*/*', 'connection': 'close', 'content-length': '47', 'content-type': 'application/json', '{"thread"': '2, "seq": 14, "msg": "hello tcprtt"}')>
Body: {"thread": 2, "seq": 14, "msg": "hello tcprtt"}
Parsed JSON: {'thread': 2, 'seq': 14, 'msg': 'hello tcprtt'}

[2025-11-17 14:20:04.057978] Received HTTP Request:
Headers: <Header('host': '127.0.0.1:8000', 'user-agent': 'python-requests/2.32.5', 'accept-encoding': 'gzip, deflate', 'accept': '*/*', 'connection': 'close', 'content-length': '47', 'content-type': 'application/json', '{"thread"': '4, "seq": 16, "msg": "hello tcprtt"}')>
Body: {"thread": 4, "seq": 16, "msg": "hello tcprtt"}
Parsed JSON: {'thread': 4, 'seq': 16, 'msg': 'hello tcprtt'}

[2025-11-17 14:20:04.090011] Received HTTP Request:
Headers: <Header('host': '127.0.0.1:8000', 'user-agent': 'python-requests/2.32.5', 'accept-encoding': 'gzip, deflate', 'accept': '*/*', 'connection': 'close', 'content-length': '47', 'content-type': 'application/json', '{"thread"': '2, "seq": 15, "msg": "hello tcprtt"}')>
Body: {"thread": 2, "seq": 15, "msg": "hello tcprtt"}
Parsed JSON: {'thread': 2, 'seq': 15, 'msg': 'hello tcprtt'}

[2025-11-17 14:20:04.366733] Received HTTP Request:
Headers: <Header('host': '127.0.0.1:8000', 'user-agent': 'python-requests/2.32.5', 'accept-encoding': 'gzip, deflate', 'accept': '*/*', 'connection': 'close', 'content-length': '47', 'content-type': 'application/json', '{"thread"': '1, "seq": 10, "msg": "hello tcprtt"}')>
Body: {"thread": 1, "seq": 10, "msg": "hello tcprtt"}
Parsed JSON: {'thread': 1, 'seq': 10, 'msg': 'hello tcprtt'}

[2025-11-17 14:20:04.486143] Received HTTP Request:
Headers: <Header('host': '127.0.0.1:8000', 'user-agent': 'python-requests/2.32.5', 'accept-encoding': 'gzip, deflate', 'accept': '*/*', 'connection': 'close', 'content-length': '47', 'content-type': 'application/json', '{"thread"': '0, "seq": 17, "msg": "hello tcprtt"}')>
Body: {"thread": 0, "seq": 17, "msg": "hello tcprtt"}
Parsed JSON: {'thread': 0, 'seq': 17, 'msg': 'hello tcprtt'}

[2025-11-17 14:20:04.569543] Received HTTP Request:
Headers: <Header('host': '127.0.0.1:8000', 'user-agent': 'python-requests/2.32.5', 'accept-encoding': 'gzip, deflate', 'accept': '*/*', 'connection': 'close', 'content-length': '47', 'content-type': 'application/json', '{"thread"': '1, "seq": 11, "msg": "hello tcprtt"}')>
Body: {"thread": 1, "seq": 11, "msg": "hello tcprtt"}
Parsed JSON: {'thread': 1, 'seq': 11, 'msg': 'hello tcprtt'}

[2025-11-17 14:20:04.690255] Received HTTP Request:
Headers: <Header('host': '127.0.0.1:8000', 'user-agent': 'python-requests/2.32.5', 'accept-encoding': 'gzip, deflate', 'accept': '*/*', 'connection': 'close', 'content-length': '47', 'content-type': 'application/json', '{"thread"': '4, "seq": 14, "msg": "hello tcprtt"}')>
Body: {"thread": 4, "seq": 14, "msg": "hello tcprtt"}
Parsed JSON: {'thread': 4, 'seq': 14, 'msg': 'hello tcprtt'}

[2025-11-17 14:20:04.772471] Received HTTP Request:
Headers: <Header('host': '127.0.0.1:8000', 'user-agent': 'python-requests/2.32.5', 'accept-encoding': 'gzip, deflate', 'accept': '*/*', 'connection': 'close', 'content-length': '47', 'content-type': 'application/json', '{"thread"': '1, "seq": 12, "msg": "hello tcprtt"}')>
Body: {"thread": 1, "seq": 12, "msg": "hello tcprtt"}
Parsed JSON: {'thread': 1, 'seq': 12, 'msg': 'hello tcprtt'}

[2025-11-17 14:20:04.975597] Received HTTP Request:
Headers: <Header('host': '127.0.0.1:8000', 'user-agent': 'python-requests/2.32.5', 'accept-encoding': 'gzip, deflate', 'accept': '*/*', 'connection': 'close', 'content-length': '47', 'content-type': 'application/json', '{"thread"': '1, "seq": 13, "msg": "hello tcprtt"}')>
Body: {"thread": 1, "seq": 13, "msg": "hello tcprtt"}
Parsed JSON: {'thread': 1, 'seq': 13, 'msg': 'hello tcprtt'}

[2025-11-17 14:20:05.179361] Received HTTP Request:
Headers: <Header('host': '127.0.0.1:8000', 'user-agent': 'python-requests/2.32.5', 'accept-encoding': 'gzip, deflate', 'accept': '*/*', 'connection': 'close', 'content-length': '47', 'content-type': 'application/json', '{"thread"': '1, "seq": 14, "msg": "hello tcprtt"}')>
Body: {"thread": 1, "seq": 14, "msg": "hello tcprtt"}
Parsed JSON: {'thread': 1, 'seq': 14, 'msg': 'hello tcprtt'}

[2025-11-17 14:20:05.298752] Received HTTP Request:
Headers: <Header('host': '127.0.0.1:8000', 'user-agent': 'python-requests/2.32.5', 'accept-encoding': 'gzip, deflate', 'accept': '*/*', 'connection': 'close', 'content-length': '47', 'content-type': 'application/json', '{"thread"': '2, "seq": 16, "msg": "hello tcprtt"}')>
Body: {"thread": 2, "seq": 16, "msg": "hello tcprtt"}
Parsed JSON: {'thread': 2, 'seq': 16, 'msg': 'hello tcprtt'}

[2025-11-17 14:20:05.382571] Received HTTP Request:
Headers: <Header('host': '127.0.0.1:8000', 'user-agent': 'python-requests/2.32.5', 'accept-encoding': 'gzip, deflate', 'accept': '*/*', 'connection': 'close', 'content-length': '47', 'content-type': 'application/json', '{"thread"': '1, "seq": 15, "msg": "hello tcprtt"}')>
Body: {"thread": 1, "seq": 15, "msg": "hello tcprtt"}
Parsed JSON: {'thread': 1, 'seq': 15, 'msg': 'hello tcprtt'}

[2025-11-17 14:20:05.501780] Received HTTP Request:
Headers: <Header('host': '127.0.0.1:8000', 'user-agent': 'python-requests/2.32.5', 'accept-encoding': 'gzip, deflate', 'accept': '*/*', 'connection': 'close', 'content-length': '47', 'content-type': 'application/json', '{"thread"': '2, "seq": 17, "msg": "hello tcprtt"}')>
Body: {"thread": 2, "seq": 17, "msg": "hello tcprtt"}
Parsed JSON: {'thread': 2, 'seq': 17, 'msg': 'hello tcprtt'}

[2025-11-17 14:20:05.585821] Received HTTP Request:
Headers: <Header('host': '127.0.0.1:8000', 'user-agent': 'python-requests/2.32.5', 'accept-encoding': 'gzip, deflate', 'accept': '*/*', 'connection': 'close', 'content-length': '47', 'content-type': 'application/json', '{"thread"': '1, "seq": 16, "msg": "hello tcprtt"}')>
Body: {"thread": 1, "seq": 16, "msg": "hello tcprtt"}
Parsed JSON: {'thread': 1, 'seq': 16, 'msg': 'hello tcprtt'}

[2025-11-17 14:20:05.704661] Received HTTP Request:
Srv 0 2025-11-17 14:20:54 +0800 ERROR: protocol.connection_task uncaught
Traceback (most recent call last):
  File "/root/ebpf_rust/sanic/lib/python3.10/site-packages/sanic/request/types.py", line 160, in __init__
    self._parsed_url = parse_url(url_bytes)
  File "httptools/parser/url_parser.pyx", line 105, in httptools.parser.url_parser.parse_url
httptools.parser.errors.HttpParserInvalidURLError: invalid url b'www.shadowserver.org:443'

During handling of the above exception, another exception occurred:

Traceback (most recent call last):
  File "/root/ebpf_rust/sanic/lib/python3.10/site-packages/sanic/http/http1.py", line 118, in http1
    await self.http1_request_header()
  File "http1_request_header", line 72, in http1_request_header
    "response_bytes_left",
  File "/root/ebpf_rust/sanic/lib/python3.10/site-packages/sanic/request/types.py", line 163, in __init__
    raise BadURL(f"Bad URL: {url}")
sanic.exceptions.BadRequest: Bad URL: www.shadowserver.org:443

During handling of the above exception, another exception occurred:

Traceback (most recent call last):
  File "/root/ebpf_rust/sanic/lib/python3.10/site-packages/sanic/request/types.py", line 160, in __init__
    self._parsed_url = parse_url(url_bytes)
  File "httptools/parser/url_parser.pyx", line 105, in httptools.parser.url_parser.parse_url
httptools.parser.errors.HttpParserInvalidURLError: invalid url b'www.shadowserver.org:443'

During handling of the above exception, another exception occurred:

Traceback (most recent call last):
  File "connection_task", line 15, in connection_task
    from time import monotonic as current_time
  File "/root/ebpf_rust/sanic/lib/python3.10/site-packages/sanic/http/http1.py", line 149, in http1
    await self.error_response(e)
  File "/root/ebpf_rust/sanic/lib/python3.10/site-packages/sanic/http/http1.py", line 428, in error_response
    self.create_empty_request()
  File "/root/ebpf_rust/sanic/lib/python3.10/site-packages/sanic/http/http1.py", line 458, in create_empty_request
    self.request = self.protocol.request_class(
  File "/root/ebpf_rust/sanic/lib/python3.10/site-packages/sanic/request/types.py", line 163, in __init__
    raise BadURL(f"Bad URL: {url}")
sanic.exceptions.BadRequest: Bad URL: www.shadowserver.org:443
ERROR:sanic.error:protocol.connection_task uncaught
Traceback (most recent call last):
  File "/root/ebpf_rust/sanic/lib/python3.10/site-packages/sanic/request/types.py", line 160, in __init__
    self._parsed_url = parse_url(url_bytes)
  File "httptools/parser/url_parser.pyx", line 105, in httptools.parser.url_parser.parse_url
httptools.parser.errors.HttpParserInvalidURLError: invalid url b'www.shadowserver.org:443'

During handling of the above exception, another exception occurred:

Traceback (most recent call last):
  File "/root/ebpf_rust/sanic/lib/python3.10/site-packages/sanic/http/http1.py", line 118, in http1
    await self.http1_request_header()
  File "http1_request_header", line 72, in http1_request_header
    "response_bytes_left",
  File "/root/ebpf_rust/sanic/lib/python3.10/site-packages/sanic/request/types.py", line 163, in __init__
    raise BadURL(f"Bad URL: {url}")
sanic.exceptions.BadRequest: Bad URL: www.shadowserver.org:443

During handling of the above exception, another exception occurred:

Traceback (most recent call last):
  File "/root/ebpf_rust/sanic/lib/python3.10/site-packages/sanic/request/types.py", line 160, in __init__
    self._parsed_url = parse_url(url_bytes)
  File "httptools/parser/url_parser.pyx", line 105, in httptools.parser.url_parser.parse_url
httptools.parser.errors.HttpParserInvalidURLError: invalid url b'www.shadowserver.org:443'

During handling of the above exception, another exception occurred:

Traceback (most recent call last):
  File "connection_task", line 15, in connection_task
    from time import monotonic as current_time
  File "/root/ebpf_rust/sanic/lib/python3.10/site-packages/sanic/http/http1.py", line 149, in http1
    await self.error_response(e)
  File "/root/ebpf_rust/sanic/lib/python3.10/site-packages/sanic/http/http1.py", line 428, in error_response
    self.create_empty_request()
  File "/root/ebpf_rust/sanic/lib/python3.10/site-packages/sanic/http/http1.py", line 458, in create_empty_request
    self.request = self.protocol.request_class(
  File "/root/ebpf_rust/sanic/lib/python3.10/site-packages/sanic/request/types.py", line 163, in __init__
    raise BadURL(f"Bad URL: {url}")
sanic.exceptions.BadRequest: Bad URL: www.shadowserver.org:443
Headers: <Header('host': '127.0.0.1:8000', 'user-agent': 'python-requests/2.32.5', 'accept-encoding': 'gzip, deflate', 'accept': '*/*', 'connection': 'close', 'content-length': '47', 'content-type': 'application/json', '{"thread"': '2, "seq": 18, "msg": "hello tcprtt"}')>
Body: {"thread": 2, "seq": 18, "msg": "hello tcprtt"}
Parsed JSON: {'thread': 2, 'seq': 18, 'msg': 'hello tcprtt'}

[2025-11-17 14:20:05.714418] Received HTTP Request:
Headers: <Header('host': '127.0.0.1:8000', 'user-agent': 'python-requests/2.32.5', 'accept-encoding': 'gzip, deflate', 'accept': '*/*', 'connection': 'close', 'content-length': '47', 'content-type': 'application/json', '{"thread"': '0, "seq": 18, "msg": "hello tcprtt"}')>
Body: {"thread": 0, "seq": 18, "msg": "hello tcprtt"}
Parsed JSON: {'thread': 0, 'seq': 18, 'msg': 'hello tcprtt'}

[2025-11-17 14:20:05.788774] Received HTTP Request:
Headers: <Header('host': '127.0.0.1:8000', 'user-agent': 'python-requests/2.32.5', 'accept-encoding': 'gzip, deflate', 'accept': '*/*', 'connection': 'close', 'content-length': '47', 'content-type': 'application/json', '{"thread"': '1, "seq": 17, "msg": "hello tcprtt"}')>
Body: {"thread": 1, "seq": 17, "msg": "hello tcprtt"}
Parsed JSON: {'thread': 1, 'seq': 17, 'msg': 'hello tcprtt'}

[2025-11-17 14:20:05.916848] Received HTTP Request:
Headers: <Header('host': '127.0.0.1:8000', 'user-agent': 'python-requests/2.32.5', 'accept-encoding': 'gzip, deflate', 'accept': '*/*', 'connection': 'close', 'content-length': '47', 'content-type': 'application/json', '{"thread"': '0, "seq": 19, "msg": "hello tcprtt"}')>
Body: {"thread": 0, "seq": 19, "msg": "hello tcprtt"}
Parsed JSON: {'thread': 0, 'seq': 19, 'msg': 'hello tcprtt'}

[2025-11-17 14:20:05.991168] Received HTTP Request:
Headers: <Header('host': '127.0.0.1:8000', 'user-agent': 'python-requests/2.32.5', 'accept-encoding': 'gzip, deflate', 'accept': '*/*', 'connection': 'close', 'content-length': '47', 'content-type': 'application/json', '{"thread"': '1, "seq": 18, "msg": "hello tcprtt"}')>
Body: {"thread": 1, "seq": 18, "msg": "hello tcprtt"}
Parsed JSON: {'thread': 1, 'seq': 18, 'msg': 'hello tcprtt'}

[2025-11-17 14:20:06.194095] Received HTTP Request:
Headers: <Header('host': '127.0.0.1:8000', 'user-agent': 'python-requests/2.32.5', 'accept-encoding': 'gzip, deflate', 'accept': '*/*', 'connection': 'close', 'content-length': '47', 'content-type': 'application/json', '{"thread"': '1, "seq": 19, "msg": "hello tcprtt"}')>
Body: {"thread": 1, "seq": 19, "msg": "hello tcprtt"}
Parsed JSON: {'thread': 1, 'seq': 19, 'msg': 'hello tcprtt'}

[2025-11-17 14:20:06.994276] Received HTTP Request:
Headers: <Header('host': '127.0.0.1:8000', 'user-agent': 'python-requests/2.32.5', 'accept-encoding': 'gzip, deflate', 'accept': '*/*', 'connection': 'close', 'content-length': '47', 'content-type': 'application/json', '{"thread"': '3, "seq": 13, "msg": "hello tcprtt"}')>
Body: {"thread": 3, "seq": 13, "msg": "hello tcprtt"}
Parsed JSON: {'thread': 3, 'seq': 13, 'msg': 'hello tcprtt'}

[2025-11-17 14:20:07.402160] Received HTTP Request:
Headers: <Header('host': '127.0.0.1:8000', 'user-agent': 'python-requests/2.32.5', 'accept-encoding': 'gzip, deflate', 'accept': '*/*', 'connection': 'close', 'content-length': '47', 'content-type': 'application/json', '{"thread"': '3, "seq": 14, "msg": "hello tcprtt"}')>
Body: {"thread": 3, "seq": 14, "msg": "hello tcprtt"}
Parsed JSON: {'thread': 3, 'seq': 14, 'msg': 'hello tcprtt'}

[2025-11-17 14:20:07.474324] Received HTTP Request:
Headers: <Header('host': '127.0.0.1:8000', 'user-agent': 'python-requests/2.32.5', 'accept-encoding': 'gzip, deflate', 'accept': '*/*', 'connection': 'close', 'content-length': '47', 'content-type': 'application/json', '{"thread"': '4, "seq": 18, "msg": "hello tcprtt"}')>
Body: {"thread": 4, "seq": 18, "msg": "hello tcprtt"}
Parsed JSON: {'thread': 4, 'seq': 18, 'msg': 'hello tcprtt'}

[2025-11-17 14:20:08.626282] Received HTTP Request:
Headers: <Header('host': '127.0.0.1:8000', 'user-agent': 'python-requests/2.32.5', 'accept-encoding': 'gzip, deflate', 'accept': '*/*', 'connection': 'close', 'content-length': '47', 'content-type': 'application/json', '{"thread"': '3, "seq": 15, "msg": "hello tcprtt"}')>
Body: {"thread": 3, "seq": 15, "msg": "hello tcprtt"}
Parsed JSON: {'thread': 3, 'seq': 15, 'msg': 'hello tcprtt'}

[2025-11-17 14:20:08.829590] Received HTTP Request:
Headers: <Header('host': '127.0.0.1:8000', 'user-agent': 'python-requests/2.32.5', 'accept-encoding': 'gzip, deflate', 'accept': '*/*', 'connection': 'close', 'content-length': '47', 'content-type': 'application/json', '{"thread"': '3, "seq": 16, "msg": "hello tcprtt"}')>
Body: {"thread": 3, "seq": 16, "msg": "hello tcprtt"}
Parsed JSON: {'thread': 3, 'seq': 16, 'msg': 'hello tcprtt'}

[2025-11-17 14:20:10.034683] Received HTTP Request:
Headers: <Header('host': '127.0.0.1:8000', 'user-agent': 'python-requests/2.32.5', 'accept-encoding': 'gzip, deflate', 'accept': '*/*', 'connection': 'close', 'content-length': '47', 'content-type': 'application/json', '{"thread"': '3, "seq": 17, "msg": "hello tcprtt"}')>
Body: {"thread": 3, "seq": 17, "msg": "hello tcprtt"}
Parsed JSON: {'thread': 3, 'seq': 17, 'msg': 'hello tcprtt'}

[2025-11-17 14:20:10.237746] Received HTTP Request:
Headers: <Header('host': '127.0.0.1:8000', 'user-agent': 'python-requests/2.32.5', 'accept-encoding': 'gzip, deflate', 'accept': '*/*', 'connection': 'close', 'content-length': '47', 'content-type': 'application/json', '{"thread"': '3, "seq": 18, "msg": "hello tcprtt"}')>
Body: {"thread": 3, "seq": 18, "msg": "hello tcprtt"}
Parsed JSON: {'thread': 3, 'seq': 18, 'msg': 'hello tcprtt'}

[2025-11-17 14:20:11.443198] Received HTTP Request:
Headers: <Header('host': '127.0.0.1:8000', 'user-agent': 'python-requests/2.32.5', 'accept-encoding': 'gzip, deflate', 'accept': '*/*', 'connection': 'close', 'content-length': '47', 'content-type': 'application/json', '{"thread"': '3, "seq": 19, "msg": "hello tcprtt"}')>
Body: {"thread": 3, "seq": 19, "msg": "hello tcprtt"}
Parsed JSON: {'thread': 3, 'seq': 19, 'msg': 'hello tcprtt'}

[2025-11-17 14:24:05.683425] Received HTTP Request:
Headers: <Header('host': '127.0.0.1:8000', 'user-agent': 'python-requests/2.32.5', 'accept-encoding': 'gzip, deflate', 'accept': '*/*', 'connection': 'close', 'content-length': '46', 'content-type': 'application/json', '{"thread"': '1, "seq": 0, "msg": "hello tcprtt"}')>
Body: {"thread": 1, "seq": 0, "msg": "hello tcprtt"}
Parsed JSON: {'thread': 1, 'seq': 0, 'msg': 'hello tcprtt'}

[2025-11-17 14:24:05.685004] Received HTTP Request:
Headers: <Header('host': '127.0.0.1:8000', 'user-agent': 'python-requests/2.32.5', 'accept-encoding': 'gzip, deflate', 'accept': '*/*', 'connection': 'close', 'content-length': '46', 'content-type': 'application/json', '{"thread"': '0, "seq": 0, "msg": "hello tcprtt"}')>
Body: {"thread": 0, "seq": 0, "msg": "hello tcprtt"}
Parsed JSON: {'thread': 0, 'seq': 0, 'msg': 'hello tcprtt'}

[2025-11-17 14:24:05.685396] Received HTTP Request:
Headers: <Header('host': '127.0.0.1:8000', 'user-agent': 'python-requests/2.32.5', 'accept-encoding': 'gzip, deflate', 'accept': '*/*', 'connection': 'close', 'content-length': '46', 'content-type': 'application/json', '{"thread"': '2, "seq": 0, "msg": "hello tcprtt"}')>
Body: {"thread": 2, "seq": 0, "msg": "hello tcprtt"}
Parsed JSON: {'thread': 2, 'seq': 0, 'msg': 'hello tcprtt'}

[2025-11-17 14:24:05.685633] Received HTTP Request:
Headers: <Header('host': '127.0.0.1:8000', 'user-agent': 'python-requests/2.32.5', 'accept-encoding': 'gzip, deflate', 'accept': '*/*', 'connection': 'close', 'content-length': '46', 'content-type': 'application/json', '{"thread"': '4, "seq": 0, "msg": "hello tcprtt"}')>
Body: {"thread": 4, "seq": 0, "msg": "hello tcprtt"}
Parsed JSON: {'thread': 4, 'seq': 0, 'msg': 'hello tcprtt'}

[2025-11-17 14:24:06.898371] Received HTTP Request:
Headers: <Header('host': '127.0.0.1:8000', 'user-agent': 'python-requests/2.32.5', 'accept-encoding': 'gzip, deflate', 'accept': '*/*', 'connection': 'close', 'content-length': '46', 'content-type': 'application/json', '{"thread"': '1, "seq": 1, "msg": "hello tcprtt"}')>
Body: {"thread": 1, "seq": 1, "msg": "hello tcprtt"}
Parsed JSON: {'thread': 1, 'seq': 1, 'msg': 'hello tcprtt'}

[2025-11-17 14:24:06.898769] Received HTTP Request:
Headers: <Header('host': '127.0.0.1:8000', 'user-agent': 'python-requests/2.32.5', 'accept-encoding': 'gzip, deflate', 'accept': '*/*', 'connection': 'close', 'content-length': '46', 'content-type': 'application/json', '{"thread"': '2, "seq": 1, "msg": "hello tcprtt"}')>
Body: {"thread": 2, "seq": 1, "msg": "hello tcprtt"}
Parsed JSON: {'thread': 2, 'seq': 1, 'msg': 'hello tcprtt'}

[2025-11-17 14:24:06.899162] Received HTTP Request:
Headers: <Header('host': '127.0.0.1:8000', 'user-agent': 'python-requests/2.32.5', 'accept-encoding': 'gzip, deflate', 'accept': '*/*', 'connection': 'close', 'content-length': '46', 'content-type': 'application/json', '{"thread"': '0, "seq": 1, "msg": "hello tcprtt"}')>
Body: {"thread": 0, "seq": 1, "msg": "hello tcprtt"}
Parsed JSON: {'thread': 0, 'seq': 1, 'msg': 'hello tcprtt'}

[2025-11-17 14:24:07.103095] Received HTTP Request:
Headers: <Header('host': '127.0.0.1:8000', 'user-agent': 'python-requests/2.32.5', 'accept-encoding': 'gzip, deflate', 'accept': '*/*', 'connection': 'close', 'content-length': '46', 'content-type': 'application/json', '{"thread"': '2, "seq": 2, "msg": "hello tcprtt"}')>
Body: {"thread": 2, "seq": 2, "msg": "hello tcprtt"}
Parsed JSON: {'thread': 2, 'seq': 2, 'msg': 'hello tcprtt'}

[2025-11-17 14:24:07.103468] Received HTTP Request:
Headers: <Header('host': '127.0.0.1:8000', 'user-agent': 'python-requests/2.32.5', 'accept-encoding': 'gzip, deflate', 'accept': '*/*', 'connection': 'close', 'content-length': '46', 'content-type': 'application/json', '{"thread"': '0, "seq": 2, "msg": "hello tcprtt"}')>
Body: {"thread": 0, "seq": 2, "msg": "hello tcprtt"}
Parsed JSON: {'thread': 0, 'seq': 2, 'msg': 'hello tcprtt'}

[2025-11-17 14:24:07.514090] Received HTTP Request:
Headers: <Header('host': '127.0.0.1:8000', 'user-agent': 'python-requests/2.32.5', 'accept-encoding': 'gzip, deflate', 'accept': '*/*', 'connection': 'close', 'content-length': '46', 'content-type': 'application/json', '{"thread"': '0, "seq": 3, "msg": "hello tcprtt"}')>
Body: {"thread": 0, "seq": 3, "msg": "hello tcprtt"}
Parsed JSON: {'thread': 0, 'seq': 3, 'msg': 'hello tcprtt'}

[2025-11-17 14:24:07.922082] Received HTTP Request:
Headers: <Header('host': '127.0.0.1:8000', 'user-agent': 'python-requests/2.32.5', 'accept-encoding': 'gzip, deflate', 'accept': '*/*', 'connection': 'close', 'content-length': '46', 'content-type': 'application/json', '{"thread"': '0, "seq": 4, "msg": "hello tcprtt"}')>
Body: {"thread": 0, "seq": 4, "msg": "hello tcprtt"}
Parsed JSON: {'thread': 0, 'seq': 4, 'msg': 'hello tcprtt'}

[2025-11-17 14:24:08.338464] Received HTTP Request:
Headers: <Header('host': '127.0.0.1:8000', 'user-agent': 'python-requests/2.32.5', 'accept-encoding': 'gzip, deflate', 'accept': '*/*', 'connection': 'close', 'content-length': '46', 'content-type': 'application/json', '{"thread"': '2, "seq": 3, "msg": "hello tcprtt"}')>
Body: {"thread": 2, "seq": 3, "msg": "hello tcprtt"}
Parsed JSON: {'thread': 2, 'seq': 3, 'msg': 'hello tcprtt'}

[2025-11-17 14:24:09.103238] Received HTTP Request:
Headers: <Header('host': '127.0.0.1:8000', 'user-agent': 'python-requests/2.32.5', 'accept-encoding': 'gzip, deflate', 'accept': '*/*', 'connection': 'close', 'content-length': '46', 'content-type': 'application/json', '{"thread"': '4, "seq": 2, "msg": "hello tcprtt"}')>
Body: {"thread": 4, "seq": 2, "msg": "hello tcprtt"}
Parsed JSON: {'thread': 4, 'seq': 2, 'msg': 'hello tcprtt'}

[2025-11-17 14:24:09.138189] Received HTTP Request:
Headers: <Header('host': '127.0.0.1:8000', 'user-agent': 'python-requests/2.32.5', 'accept-encoding': 'gzip, deflate', 'accept': '*/*', 'connection': 'close', 'content-length': '46', 'content-type': 'application/json', '{"thread"': '0, "seq": 5, "msg": "hello tcprtt"}')>
Body: {"thread": 0, "seq": 5, "msg": "hello tcprtt"}
Parsed JSON: {'thread': 0, 'seq': 5, 'msg': 'hello tcprtt'}

[2025-11-17 14:24:09.514083] Received HTTP Request:
Headers: <Header('host': '127.0.0.1:8000', 'user-agent': 'python-requests/2.32.5', 'accept-encoding': 'gzip, deflate', 'accept': '*/*', 'connection': 'close', 'content-length': '46', 'content-type': 'application/json', '{"thread"': '4, "seq": 3, "msg": "hello tcprtt"}')>
Body: {"thread": 4, "seq": 3, "msg": "hello tcprtt"}
Parsed JSON: {'thread': 4, 'seq': 3, 'msg': 'hello tcprtt'}

[2025-11-17 14:24:10.089287] Received HTTP Request:
Headers: <Header('host': '127.0.0.1:8000', 'user-agent': 'python-requests/2.32.5', 'accept-encoding': 'gzip, deflate', 'accept': '*/*', 'connection': 'close', 'content-length': '46', 'content-type': 'application/json', '{"thread"': '3, "seq": 2, "msg": "hello tcprtt"}')>
Body: {"thread": 3, "seq": 2, "msg": "hello tcprtt"}
Parsed JSON: {'thread': 3, 'seq': 2, 'msg': 'hello tcprtt'}

[2025-11-17 14:24:10.292181] Received HTTP Request:
Headers: <Header('host': '127.0.0.1:8000', 'user-agent': 'python-requests/2.32.5', 'accept-encoding': 'gzip, deflate', 'accept': '*/*', 'connection': 'close', 'content-length': '46', 'content-type': 'application/json', '{"thread"': '3, "seq": 3, "msg": "hello tcprtt"}')>
Body: {"thread": 3, "seq": 3, "msg": "hello tcprtt"}
Parsed JSON: {'thread': 3, 'seq': 3, 'msg': 'hello tcprtt'}

[2025-11-17 14:24:10.495089] Received HTTP Request:
Headers: <Header('host': '127.0.0.1:8000', 'user-agent': 'python-requests/2.32.5', 'accept-encoding': 'gzip, deflate', 'accept': '*/*', 'connection': 'close', 'content-length': '46', 'content-type': 'application/json', '{"thread"': '3, "seq": 4, "msg": "hello tcprtt"}')>
Body: {"thread": 3, "seq": 4, "msg": "hello tcprtt"}
Parsed JSON: {'thread': 3, 'seq': 4, 'msg': 'hello tcprtt'}

[2025-11-17 14:24:10.578637] Received HTTP Request:
Headers: <Header('host': '127.0.0.1:8000', 'user-agent': 'python-requests/2.32.5', 'accept-encoding': 'gzip, deflate', 'accept': '*/*', 'connection': 'close', 'content-length': '46', 'content-type': 'application/json', '{"thread"': '1, "seq": 3, "msg": "hello tcprtt"}')>
Body: {"thread": 1, "seq": 3, "msg": "hello tcprtt"}
Parsed JSON: {'thread': 1, 'seq': 3, 'msg': 'hello tcprtt'}

[2025-11-17 14:24:10.738758] Received HTTP Request:
Headers: <Header('host': '127.0.0.1:8000', 'user-agent': 'python-requests/2.32.5', 'accept-encoding': 'gzip, deflate', 'accept': '*/*', 'connection': 'close', 'content-length': '46', 'content-type': 'application/json', '{"thread"': '4, "seq": 4, "msg": "hello tcprtt"}')>
Body: {"thread": 4, "seq": 4, "msg": "hello tcprtt"}
Parsed JSON: {'thread': 4, 'seq': 4, 'msg': 'hello tcprtt'}

[2025-11-17 14:24:10.950095] Received HTTP Request:
Headers: <Header('host': '127.0.0.1:8000', 'user-agent': 'python-requests/2.32.5', 'accept-encoding': 'gzip, deflate', 'accept': '*/*', 'connection': 'close', 'content-length': '46', 'content-type': 'application/json', '{"thread"': '2, "seq": 5, "msg": "hello tcprtt"}')>
Body: {"thread": 2, "seq": 5, "msg": "hello tcprtt"}
Parsed JSON: {'thread': 2, 'seq': 5, 'msg': 'hello tcprtt'}

[2025-11-17 14:24:11.155164] Received HTTP Request:
Headers: <Header('host': '127.0.0.1:8000', 'user-agent': 'python-requests/2.32.5', 'accept-encoding': 'gzip, deflate', 'accept': '*/*', 'connection': 'close', 'content-length': '46', 'content-type': 'application/json', '{"thread"': '2, "seq": 6, "msg": "hello tcprtt"}')>
Body: {"thread": 2, "seq": 6, "msg": "hello tcprtt"}
Parsed JSON: {'thread': 2, 'seq': 6, 'msg': 'hello tcprtt'}

[2025-11-17 14:24:11.544532] Received HTTP Request:
Headers: <Header('host': '127.0.0.1:8000', 'user-agent': 'python-requests/2.32.5', 'accept-encoding': 'gzip, deflate', 'accept': '*/*', 'connection': 'close', 'content-length': '46', 'content-type': 'application/json', '{"thread"': '0, "seq": 7, "msg": "hello tcprtt"}')>
Body: {"thread": 0, "seq": 7, "msg": "hello tcprtt"}
Parsed JSON: {'thread': 0, 'seq': 7, 'msg': 'hello tcprtt'}

[2025-11-17 14:24:11.766568] Received HTTP Request:
Headers: <Header('host': '127.0.0.1:8000', 'user-agent': 'python-requests/2.32.5', 'accept-encoding': 'gzip, deflate', 'accept': '*/*', 'connection': 'close', 'content-length': '46', 'content-type': 'application/json', '{"thread"': '0, "seq": 8, "msg": "hello tcprtt"}')>
Body: {"thread": 0, "seq": 8, "msg": "hello tcprtt"}
Parsed JSON: {'thread': 0, 'seq': 8, 'msg': 'hello tcprtt'}

[2025-11-17 14:24:11.969553] Received HTTP Request:
Headers: <Header('host': '127.0.0.1:8000', 'user-agent': 'python-requests/2.32.5', 'accept-encoding': 'gzip, deflate', 'accept': '*/*', 'connection': 'close', 'content-length': '46', 'content-type': 'application/json', '{"thread"': '0, "seq": 9, "msg": "hello tcprtt"}')>
Body: {"thread": 0, "seq": 9, "msg": "hello tcprtt"}
Parsed JSON: {'thread': 0, 'seq': 9, 'msg': 'hello tcprtt'}

[2025-11-17 14:24:12.172612] Received HTTP Request:
Headers: <Header('host': '127.0.0.1:8000', 'user-agent': 'python-requests/2.32.5', 'accept-encoding': 'gzip, deflate', 'accept': '*/*', 'connection': 'close', 'content-length': '47', 'content-type': 'application/json', '{"thread"': '0, "seq": 10, "msg": "hello tcprtt"}')>
Body: {"thread": 0, "seq": 10, "msg": "hello tcprtt"}
Parsed JSON: {'thread': 0, 'seq': 10, 'msg': 'hello tcprtt'}

[2025-11-17 14:24:12.375254] Received HTTP Request:
Headers: <Header('host': '127.0.0.1:8000', 'user-agent': 'python-requests/2.32.5', 'accept-encoding': 'gzip, deflate', 'accept': '*/*', 'connection': 'close', 'content-length': '47', 'content-type': 'application/json', '{"thread"': '0, "seq": 11, "msg": "hello tcprtt"}')>
Body: {"thread": 0, "seq": 11, "msg": "hello tcprtt"}
Parsed JSON: {'thread': 0, 'seq': 11, 'msg': 'hello tcprtt'}

[2025-11-17 14:24:12.540688] Received HTTP Request:
Headers: <Header('host': '127.0.0.1:8000', 'user-agent': 'python-requests/2.32.5', 'accept-encoding': 'gzip, deflate', 'accept': '*/*', 'connection': 'close', 'content-length': '46', 'content-type': 'application/json', '{"thread"': '4, "seq": 5, "msg": "hello tcprtt"}')>
Body: {"thread": 4, "seq": 5, "msg": "hello tcprtt"}
Parsed JSON: {'thread': 4, 'seq': 5, 'msg': 'hello tcprtt'}

[2025-11-17 14:24:12.578035] Received HTTP Request:
Headers: <Header('host': '127.0.0.1:8000', 'user-agent': 'python-requests/2.32.5', 'accept-encoding': 'gzip, deflate', 'accept': '*/*', 'connection': 'close', 'content-length': '46', 'content-type': 'application/json', '{"thread"': '2, "seq": 7, "msg": "hello tcprtt"}')>
Body: {"thread": 2, "seq": 7, "msg": "hello tcprtt"}
Parsed JSON: {'thread': 2, 'seq': 7, 'msg': 'hello tcprtt'}

[2025-11-17 14:24:12.743486] Received HTTP Request:
Headers: <Header('host': '127.0.0.1:8000', 'user-agent': 'python-requests/2.32.5', 'accept-encoding': 'gzip, deflate', 'accept': '*/*', 'connection': 'close', 'content-length': '46', 'content-type': 'application/json', '{"thread"': '4, "seq": 6, "msg": "hello tcprtt"}')>
Body: {"thread": 4, "seq": 6, "msg": "hello tcprtt"}
Parsed JSON: {'thread': 4, 'seq': 6, 'msg': 'hello tcprtt'}

[2025-11-17 14:24:12.781982] Received HTTP Request:
Headers: <Header('host': '127.0.0.1:8000', 'user-agent': 'python-requests/2.32.5', 'accept-encoding': 'gzip, deflate', 'accept': '*/*', 'connection': 'close', 'content-length': '47', 'content-type': 'application/json', '{"thread"': '0, "seq": 12, "msg": "hello tcprtt"}')>
Body: {"thread": 0, "seq": 12, "msg": "hello tcprtt"}
Parsed JSON: {'thread': 0, 'seq': 12, 'msg': 'hello tcprtt'}

[2025-11-17 14:24:12.818180] Received HTTP Request:
Headers: <Header('host': '127.0.0.1:8000', 'user-agent': 'python-requests/2.32.5', 'accept-encoding': 'gzip, deflate', 'accept': '*/*', 'connection': 'close', 'content-length': '46', 'content-type': 'application/json', '{"thread"': '1, "seq": 4, "msg": "hello tcprtt"}')>
Body: {"thread": 1, "seq": 4, "msg": "hello tcprtt"}
Parsed JSON: {'thread': 1, 'seq': 4, 'msg': 'hello tcprtt'}

[2025-11-17 14:24:12.986073] Received HTTP Request:
Headers: <Header('host': '127.0.0.1:8000', 'user-agent': 'python-requests/2.32.5', 'accept-encoding': 'gzip, deflate', 'accept': '*/*', 'connection': 'close', 'content-length': '46', 'content-type': 'application/json', '{"thread"': '2, "seq": 8, "msg": "hello tcprtt"}')>
Body: {"thread": 2, "seq": 8, "msg": "hello tcprtt"}
Parsed JSON: {'thread': 2, 'seq': 8, 'msg': 'hello tcprtt'}

[2025-11-17 14:24:13.021396] Received HTTP Request:
Headers: <Header('host': '127.0.0.1:8000', 'user-agent': 'python-requests/2.32.5', 'accept-encoding': 'gzip, deflate', 'accept': '*/*', 'connection': 'close', 'content-length': '46', 'content-type': 'application/json', '{"thread"': '1, "seq": 5, "msg": "hello tcprtt"}')>
Body: {"thread": 1, "seq": 5, "msg": "hello tcprtt"}
Parsed JSON: {'thread': 1, 'seq': 5, 'msg': 'hello tcprtt'}

[2025-11-17 14:24:13.189176] Received HTTP Request:
Headers: <Header('host': '127.0.0.1:8000', 'user-agent': 'python-requests/2.32.5', 'accept-encoding': 'gzip, deflate', 'accept': '*/*', 'connection': 'close', 'content-length': '46', 'content-type': 'application/json', '{"thread"': '2, "seq": 9, "msg": "hello tcprtt"}')>
Body: {"thread": 2, "seq": 9, "msg": "hello tcprtt"}
Parsed JSON: {'thread': 2, 'seq': 9, 'msg': 'hello tcprtt'}

[2025-11-17 14:24:13.191868] Received HTTP Request:
Headers: <Header('host': '127.0.0.1:8000', 'user-agent': 'python-requests/2.32.5', 'accept-encoding': 'gzip, deflate', 'accept': '*/*', 'connection': 'close', 'content-length': '47', 'content-type': 'application/json', '{"thread"': '0, "seq": 13, "msg": "hello tcprtt"}')>
Body: {"thread": 0, "seq": 13, "msg": "hello tcprtt"}
Parsed JSON: {'thread': 0, 'seq': 13, 'msg': 'hello tcprtt'}

[2025-11-17 14:24:13.223793] Received HTTP Request:
Headers: <Header('host': '127.0.0.1:8000', 'user-agent': 'python-requests/2.32.5', 'accept-encoding': 'gzip, deflate', 'accept': '*/*', 'connection': 'close', 'content-length': '46', 'content-type': 'application/json', '{"thread"': '1, "seq": 6, "msg": "hello tcprtt"}')>
Body: {"thread": 1, "seq": 6, "msg": "hello tcprtt"}
Parsed JSON: {'thread': 1, 'seq': 6, 'msg': 'hello tcprtt'}

[2025-11-17 14:24:13.392998] Received HTTP Request:
Headers: <Header('host': '127.0.0.1:8000', 'user-agent': 'python-requests/2.32.5', 'accept-encoding': 'gzip, deflate', 'accept': '*/*', 'connection': 'close', 'content-length': '47', 'content-type': 'application/json', '{"thread"': '2, "seq": 10, "msg": "hello tcprtt"}')>
Body: {"thread": 2, "seq": 10, "msg": "hello tcprtt"}
Parsed JSON: {'thread': 2, 'seq': 10, 'msg': 'hello tcprtt'}

[2025-11-17 14:24:13.596266] Received HTTP Request:
Headers: <Header('host': '127.0.0.1:8000', 'user-agent': 'python-requests/2.32.5', 'accept-encoding': 'gzip, deflate', 'accept': '*/*', 'connection': 'close', 'content-length': '47', 'content-type': 'application/json', '{"thread"': '2, "seq": 11, "msg": "hello tcprtt"}')>
Body: {"thread": 2, "seq": 11, "msg": "hello tcprtt"}
Parsed JSON: {'thread': 2, 'seq': 11, 'msg': 'hello tcprtt'}

[2025-11-17 14:24:13.902431] Received HTTP Request:
Headers: <Header('host': '127.0.0.1:8000', 'user-agent': 'python-requests/2.32.5', 'accept-encoding': 'gzip, deflate', 'accept': '*/*', 'connection': 'close', 'content-length': '46', 'content-type': 'application/json', '{"thread"': '3, "seq": 6, "msg": "hello tcprtt"}')>
Body: {"thread": 3, "seq": 6, "msg": "hello tcprtt"}
Parsed JSON: {'thread': 3, 'seq': 6, 'msg': 'hello tcprtt'}

[2025-11-17 14:24:14.105304] Received HTTP Request:
Headers: <Header('host': '127.0.0.1:8000', 'user-agent': 'python-requests/2.32.5', 'accept-encoding': 'gzip, deflate', 'accept': '*/*', 'connection': 'close', 'content-length': '46', 'content-type': 'application/json', '{"thread"': '3, "seq": 7, "msg": "hello tcprtt"}')>
Body: {"thread": 3, "seq": 7, "msg": "hello tcprtt"}
Parsed JSON: {'thread': 3, 'seq': 7, 'msg': 'hello tcprtt'}

[2025-11-17 14:24:14.308195] Received HTTP Request:
Headers: <Header('host': '127.0.0.1:8000', 'user-agent': 'python-requests/2.32.5', 'accept-encoding': 'gzip, deflate', 'accept': '*/*', 'connection': 'close', 'content-length': '46', 'content-type': 'application/json', '{"thread"': '3, "seq": 8, "msg": "hello tcprtt"}')>
Body: {"thread": 3, "seq": 8, "msg": "hello tcprtt"}
Parsed JSON: {'thread': 3, 'seq': 8, 'msg': 'hello tcprtt'}

[2025-11-17 14:24:14.402081] Received HTTP Request:
Headers: <Header('host': '127.0.0.1:8000', 'user-agent': 'python-requests/2.32.5', 'accept-encoding': 'gzip, deflate', 'accept': '*/*', 'connection': 'close', 'content-length': '46', 'content-type': 'application/json', '{"thread"': '4, "seq": 7, "msg": "hello tcprtt"}')>
Body: {"thread": 4, "seq": 7, "msg": "hello tcprtt"}
Parsed JSON: {'thread': 4, 'seq': 7, 'msg': 'hello tcprtt'}

[2025-11-17 14:24:14.450849] Received HTTP Request:
Headers: <Header('host': '127.0.0.1:8000', 'user-agent': 'python-requests/2.32.5', 'accept-encoding': 'gzip, deflate', 'accept': '*/*', 'connection': 'close', 'content-length': '46', 'content-type': 'application/json', '{"thread"': '1, "seq": 7, "msg": "hello tcprtt"}')>
Body: {"thread": 1, "seq": 7, "msg": "hello tcprtt"}
Parsed JSON: {'thread': 1, 'seq': 7, 'msg': 'hello tcprtt'}

[2025-11-17 14:24:14.605111] Received HTTP Request:
Headers: <Header('host': '127.0.0.1:8000', 'user-agent': 'python-requests/2.32.5', 'accept-encoding': 'gzip, deflate', 'accept': '*/*', 'connection': 'close', 'content-length': '46', 'content-type': 'application/json', '{"thread"': '4, "seq": 8, "msg": "hello tcprtt"}')>
Body: {"thread": 4, "seq": 8, "msg": "hello tcprtt"}
Parsed JSON: {'thread': 4, 'seq': 8, 'msg': 'hello tcprtt'}

[2025-11-17 14:24:14.653729] Received HTTP Request:
Headers: <Header('host': '127.0.0.1:8000', 'user-agent': 'python-requests/2.32.5', 'accept-encoding': 'gzip, deflate', 'accept': '*/*', 'connection': 'close', 'content-length': '46', 'content-type': 'application/json', '{"thread"': '1, "seq": 8, "msg": "hello tcprtt"}')>
Body: {"thread": 1, "seq": 8, "msg": "hello tcprtt"}
Parsed JSON: {'thread': 1, 'seq': 8, 'msg': 'hello tcprtt'}

[2025-11-17 14:24:14.808085] Received HTTP Request:
Headers: <Header('host': '127.0.0.1:8000', 'user-agent': 'python-requests/2.32.5', 'accept-encoding': 'gzip, deflate', 'accept': '*/*', 'connection': 'close', 'content-length': '46', 'content-type': 'application/json', '{"thread"': '4, "seq": 9, "msg": "hello tcprtt"}')>
Body: {"thread": 4, "seq": 9, "msg": "hello tcprtt"}
Parsed JSON: {'thread': 4, 'seq': 9, 'msg': 'hello tcprtt'}

[2025-11-17 14:24:14.858791] Received HTTP Request:
Headers: <Header('host': '127.0.0.1:8000', 'user-agent': 'python-requests/2.32.5', 'accept-encoding': 'gzip, deflate', 'accept': '*/*', 'connection': 'close', 'content-length': '46', 'content-type': 'application/json', '{"thread"': '1, "seq": 9, "msg": "hello tcprtt"}')>
Body: {"thread": 1, "seq": 9, "msg": "hello tcprtt"}
Parsed JSON: {'thread': 1, 'seq': 9, 'msg': 'hello tcprtt'}

[2025-11-17 14:24:15.011046] Received HTTP Request:
Headers: <Header('host': '127.0.0.1:8000', 'user-agent': 'python-requests/2.32.5', 'accept-encoding': 'gzip, deflate', 'accept': '*/*', 'connection': 'close', 'content-length': '47', 'content-type': 'application/json', '{"thread"': '4, "seq": 10, "msg": "hello tcprtt"}')>
Body: {"thread": 4, "seq": 10, "msg": "hello tcprtt"}
Parsed JSON: {'thread': 4, 'seq': 10, 'msg': 'hello tcprtt'}

[2025-11-17 14:24:15.063268] Received HTTP Request:
Headers: <Header('host': '127.0.0.1:8000', 'user-agent': 'python-requests/2.32.5', 'accept-encoding': 'gzip, deflate', 'accept': '*/*', 'connection': 'close', 'content-length': '47', 'content-type': 'application/json', '{"thread"': '1, "seq": 10, "msg": "hello tcprtt"}')>
Body: {"thread": 1, "seq": 10, "msg": "hello tcprtt"}
Parsed JSON: {'thread': 1, 'seq': 10, 'msg': 'hello tcprtt'}

[2025-11-17 14:24:15.090445] Received HTTP Request:
Headers: <Header('host': '127.0.0.1:8000', 'user-agent': 'python-requests/2.32.5', 'accept-encoding': 'gzip, deflate', 'accept': '*/*', 'connection': 'close', 'content-length': '46', 'content-type': 'application/json', '{"thread"': '3, "seq": 5, "msg": "hello tcprtt"}')>
Body: {"thread": 3, "seq": 5, "msg": "hello tcprtt"}
Parsed JSON: {'thread': 3, 'seq': 5, 'msg': 'hello tcprtt'}

[2025-11-17 14:24:15.213993] Received HTTP Request:
Headers: <Header('host': '127.0.0.1:8000', 'user-agent': 'python-requests/2.32.5', 'accept-encoding': 'gzip, deflate', 'accept': '*/*', 'connection': 'close', 'content-length': '47', 'content-type': 'application/json', '{"thread"': '4, "seq": 11, "msg": "hello tcprtt"}')>
Body: {"thread": 4, "seq": 11, "msg": "hello tcprtt"}
Parsed JSON: {'thread': 4, 'seq': 11, 'msg': 'hello tcprtt'}

[2025-11-17 14:24:15.266143] Received HTTP Request:
Headers: <Header('host': '127.0.0.1:8000', 'user-agent': 'python-requests/2.32.5', 'accept-encoding': 'gzip, deflate', 'accept': '*/*', 'connection': 'close', 'content-length': '47', 'content-type': 'application/json', '{"thread"': '1, "seq": 11, "msg": "hello tcprtt"}')>
Body: {"thread": 1, "seq": 11, "msg": "hello tcprtt"}
Parsed JSON: {'thread': 1, 'seq': 11, 'msg': 'hello tcprtt'}

[2025-11-17 14:24:16.003640] Received HTTP Request:
Headers: <Header('host': '127.0.0.1:8000', 'user-agent': 'python-requests/2.32.5', 'accept-encoding': 'gzip, deflate', 'accept': '*/*', 'connection': 'close', 'content-length': '47', 'content-type': 'application/json', '{"thread"': '2, "seq": 13, "msg": "hello tcprtt"}')>
Body: {"thread": 2, "seq": 13, "msg": "hello tcprtt"}
Parsed JSON: {'thread': 2, 'seq': 13, 'msg': 'hello tcprtt'}

[2025-11-17 14:24:16.206624] Received HTTP Request:
Headers: <Header('host': '127.0.0.1:8000', 'user-agent': 'python-requests/2.32.5', 'accept-encoding': 'gzip, deflate', 'accept': '*/*', 'connection': 'close', 'content-length': '47', 'content-type': 'application/json', '{"thread"': '2, "seq": 14, "msg": "hello tcprtt"}')>
Body: {"thread": 2, "seq": 14, "msg": "hello tcprtt"}
Parsed JSON: {'thread': 2, 'seq': 14, 'msg': 'hello tcprtt'}

[2025-11-17 14:24:16.410628] Received HTTP Request:
Headers: <Header('host': '127.0.0.1:8000', 'user-agent': 'python-requests/2.32.5', 'accept-encoding': 'gzip, deflate', 'accept': '*/*', 'connection': 'close', 'content-length': '47', 'content-type': 'application/json', '{"thread"': '2, "seq": 15, "msg": "hello tcprtt"}')>
Body: {"thread": 2, "seq": 15, "msg": "hello tcprtt"}
Parsed JSON: {'thread': 2, 'seq': 15, 'msg': 'hello tcprtt'}

[2025-11-17 14:24:16.498701] Received HTTP Request:
Headers: <Header('host': '127.0.0.1:8000', 'user-agent': 'python-requests/2.32.5', 'accept-encoding': 'gzip, deflate', 'accept': '*/*', 'connection': 'close', 'content-length': '47', 'content-type': 'application/json', '{"thread"': '1, "seq": 12, "msg": "hello tcprtt"}')>
Body: {"thread": 1, "seq": 12, "msg": "hello tcprtt"}
Parsed JSON: {'thread': 1, 'seq': 12, 'msg': 'hello tcprtt'}

[2025-11-17 14:24:16.701535] Received HTTP Request:
Headers: <Header('host': '127.0.0.1:8000', 'user-agent': 'python-requests/2.32.5', 'accept-encoding': 'gzip, deflate', 'accept': '*/*', 'connection': 'close', 'content-length': '47', 'content-type': 'application/json', '{"thread"': '1, "seq": 13, "msg": "hello tcprtt"}')>
Body: {"thread": 1, "seq": 13, "msg": "hello tcprtt"}
Parsed JSON: {'thread': 1, 'seq': 13, 'msg': 'hello tcprtt'}

[2025-11-17 14:24:17.906564] Received HTTP Request:
Headers: <Header('host': '127.0.0.1:8000', 'user-agent': 'python-requests/2.32.5', 'accept-encoding': 'gzip, deflate', 'accept': '*/*', 'connection': 'close', 'content-length': '47', 'content-type': 'application/json', '{"thread"': '1, "seq": 14, "msg": "hello tcprtt"}')>
Body: {"thread": 1, "seq": 14, "msg": "hello tcprtt"}
Parsed JSON: {'thread': 1, 'seq': 14, 'msg': 'hello tcprtt'}

[2025-11-17 14:24:18.109488] Received HTTP Request:
Headers: <Header('host': '127.0.0.1:8000', 'user-agent': 'python-requests/2.32.5', 'accept-encoding': 'gzip, deflate', 'accept': '*/*', 'connection': 'close', 'content-length': '47', 'content-type': 'application/json', '{"thread"': '1, "seq": 15, "msg": "hello tcprtt"}')>
Body: {"thread": 1, "seq": 15, "msg": "hello tcprtt"}
Parsed JSON: {'thread': 1, 'seq': 15, 'msg': 'hello tcprtt'}

[2025-11-17 14:24:18.312467] Received HTTP Request:
Headers: <Header('host': '127.0.0.1:8000', 'user-agent': 'python-requests/2.32.5', 'accept-encoding': 'gzip, deflate', 'accept': '*/*', 'connection': 'close', 'content-length': '47', 'content-type': 'application/json', '{"thread"': '1, "seq": 16, "msg": "hello tcprtt"}')>
Body: {"thread": 1, "seq": 16, "msg": "hello tcprtt"}
Parsed JSON: {'thread': 1, 'seq': 16, 'msg': 'hello tcprtt'}

[2025-11-17 14:24:18.437058] Received HTTP Request:
Headers: <Header('host': '127.0.0.1:8000', 'user-agent': 'python-requests/2.32.5', 'accept-encoding': 'gzip, deflate', 'accept': '*/*', 'connection': 'close', 'content-length': '47', 'content-type': 'application/json', '{"thread"': '4, "seq": 12, "msg": "hello tcprtt"}')>
Body: {"thread": 4, "seq": 12, "msg": "hello tcprtt"}
Parsed JSON: {'thread': 4, 'seq': 12, 'msg': 'hello tcprtt'}

[2025-11-17 14:24:18.515238] Received HTTP Request:
Headers: <Header('host': '127.0.0.1:8000', 'user-agent': 'python-requests/2.32.5', 'accept-encoding': 'gzip, deflate', 'accept': '*/*', 'connection': 'close', 'content-length': '47', 'content-type': 'application/json', '{"thread"': '1, "seq": 17, "msg": "hello tcprtt"}')>
Body: {"thread": 1, "seq": 17, "msg": "hello tcprtt"}
Parsed JSON: {'thread': 1, 'seq': 17, 'msg': 'hello tcprtt'}

[2025-11-17 14:24:18.718063] Received HTTP Request:
Headers: <Header('host': '127.0.0.1:8000', 'user-agent': 'python-requests/2.32.5', 'accept-encoding': 'gzip, deflate', 'accept': '*/*', 'connection': 'close', 'content-length': '47', 'content-type': 'application/json', '{"thread"': '1, "seq": 18, "msg": "hello tcprtt"}')>
Body: {"thread": 1, "seq": 18, "msg": "hello tcprtt"}
Parsed JSON: {'thread': 1, 'seq': 18, 'msg': 'hello tcprtt'}

[2025-11-17 14:24:18.846078] Received HTTP Request:
Headers: <Header('host': '127.0.0.1:8000', 'user-agent': 'python-requests/2.32.5', 'accept-encoding': 'gzip, deflate', 'accept': '*/*', 'connection': 'close', 'content-length': '47', 'content-type': 'application/json', '{"thread"': '4, "seq": 13, "msg": "hello tcprtt"}')>
Body: {"thread": 4, "seq": 13, "msg": "hello tcprtt"}
Parsed JSON: {'thread': 4, 'seq': 13, 'msg': 'hello tcprtt'}

[2025-11-17 14:24:18.920696] Received HTTP Request:
Headers: <Header('host': '127.0.0.1:8000', 'user-agent': 'python-requests/2.32.5', 'accept-encoding': 'gzip, deflate', 'accept': '*/*', 'connection': 'close', 'content-length': '47', 'content-type': 'application/json', '{"thread"': '1, "seq": 19, "msg": "hello tcprtt"}')>
Body: {"thread": 1, "seq": 19, "msg": "hello tcprtt"}
Parsed JSON: {'thread': 1, 'seq': 19, 'msg': 'hello tcprtt'}

[2025-11-17 14:24:19.049704] Received HTTP Request:
Headers: <Header('host': '127.0.0.1:8000', 'user-agent': 'python-requests/2.32.5', 'accept-encoding': 'gzip, deflate', 'accept': '*/*', 'connection': 'close', 'content-length': '47', 'content-type': 'application/json', '{"thread"': '4, "seq": 14, "msg": "hello tcprtt"}')>
Body: {"thread": 4, "seq": 14, "msg": "hello tcprtt"}
Parsed JSON: {'thread': 4, 'seq': 14, 'msg': 'hello tcprtt'}

[2025-11-17 14:24:20.004796] Received HTTP Request:
Headers: <Header('host': '127.0.0.1:8000', 'user-agent': 'python-requests/2.32.5', 'accept-encoding': 'gzip, deflate', 'accept': '*/*', 'connection': 'close', 'content-length': '47', 'content-type': 'application/json', '{"thread"': '0, "seq": 17, "msg": "hello tcprtt"}')>
Body: {"thread": 0, "seq": 17, "msg": "hello tcprtt"}
Parsed JSON: {'thread': 0, 'seq': 17, 'msg': 'hello tcprtt'}

[2025-11-17 14:24:20.274278] Received HTTP Request:
Headers: <Header('host': '127.0.0.1:8000', 'user-agent': 'python-requests/2.32.5', 'accept-encoding': 'gzip, deflate', 'accept': '*/*', 'connection': 'close', 'content-length': '47', 'content-type': 'application/json', '{"thread"': '4, "seq": 15, "msg": "hello tcprtt"}')>
Body: {"thread": 4, "seq": 15, "msg": "hello tcprtt"}
Parsed JSON: {'thread': 4, 'seq': 15, 'msg': 'hello tcprtt'}

[2025-11-17 14:24:20.414104] Received HTTP Request:
Headers: <Header('host': '127.0.0.1:8000', 'user-agent': 'python-requests/2.32.5', 'accept-encoding': 'gzip, deflate', 'accept': '*/*', 'connection': 'close', 'content-length': '47', 'content-type': 'application/json', '{"thread"': '0, "seq": 18, "msg": "hello tcprtt"}')>
Body: {"thread": 0, "seq": 18, "msg": "hello tcprtt"}
Parsed JSON: {'thread': 0, 'seq': 18, 'msg': 'hello tcprtt'}

[2025-11-17 14:24:20.619046] Received HTTP Request:
Headers: <Header('host': '127.0.0.1:8000', 'user-agent': 'python-requests/2.32.5', 'accept-encoding': 'gzip, deflate', 'accept': '*/*', 'connection': 'close', 'content-length': '47', 'content-type': 'application/json', '{"thread"': '0, "seq": 19, "msg": "hello tcprtt"}')>
Body: {"thread": 0, "seq": 19, "msg": "hello tcprtt"}
Parsed JSON: {'thread': 0, 'seq': 19, 'msg': 'hello tcprtt'}

[2025-11-17 14:24:20.850368] Received HTTP Request:
Headers: <Header('host': '127.0.0.1:8000', 'user-agent': 'python-requests/2.32.5', 'accept-encoding': 'gzip, deflate', 'accept': '*/*', 'connection': 'close', 'content-length': '47', 'content-type': 'application/json', '{"thread"': '2, "seq": 17, "msg": "hello tcprtt"}')>
Body: {"thread": 2, "seq": 17, "msg": "hello tcprtt"}
Parsed JSON: {'thread': 2, 'seq': 17, 'msg': 'hello tcprtt'}

[2025-11-17 14:24:22.066711] Received HTTP Request:
Headers: <Header('host': '127.0.0.1:8000', 'user-agent': 'python-requests/2.32.5', 'accept-encoding': 'gzip, deflate', 'accept': '*/*', 'connection': 'close', 'content-length': '47', 'content-type': 'application/json', '{"thread"': '2, "seq": 18, "msg": "hello tcprtt"}')>
Body: {"thread": 2, "seq": 18, "msg": "hello tcprtt"}
Parsed JSON: {'thread': 2, 'seq': 18, 'msg': 'hello tcprtt'}

[2025-11-17 14:24:22.130574] Received HTTP Request:
Headers: <Header('host': '127.0.0.1:8000', 'user-agent': 'python-requests/2.32.5', 'accept-encoding': 'gzip, deflate', 'accept': '*/*', 'connection': 'close', 'content-length': '47', 'content-type': 'application/json', '{"thread"': '3, "seq": 12, "msg": "hello tcprtt"}')>
Body: {"thread": 3, "seq": 12, "msg": "hello tcprtt"}
Parsed JSON: {'thread': 3, 'seq': 12, 'msg': 'hello tcprtt'}

[2025-11-17 14:24:22.269752] Received HTTP Request:
Headers: <Header('host': '127.0.0.1:8000', 'user-agent': 'python-requests/2.32.5', 'accept-encoding': 'gzip, deflate', 'accept': '*/*', 'connection': 'close', 'content-length': '47', 'content-type': 'application/json', '{"thread"': '2, "seq": 19, "msg": "hello tcprtt"}')>
Body: {"thread": 2, "seq": 19, "msg": "hello tcprtt"}
Parsed JSON: {'thread': 2, 'seq': 19, 'msg': 'hello tcprtt'}

[2025-11-17 14:24:22.538076] Received HTTP Request:
Headers: <Header('host': '127.0.0.1:8000', 'user-agent': 'python-requests/2.32.5', 'accept-encoding': 'gzip, deflate', 'accept': '*/*', 'connection': 'close', 'content-length': '47', 'content-type': 'application/json', '{"thread"': '3, "seq": 13, "msg": "hello tcprtt"}')>
Body: {"thread": 3, "seq": 13, "msg": "hello tcprtt"}
Parsed JSON: {'thread': 3, 'seq': 13, 'msg': 'hello tcprtt'}

[2025-11-17 14:24:22.680415] Received HTTP Request:
Headers: <Header('host': '127.0.0.1:8000', 'user-agent': 'python-requests/2.32.5', 'accept-encoding': 'gzip, deflate', 'accept': '*/*', 'connection': 'close', 'content-length': '47', 'content-type': 'application/json', '{"thread"': '4, "seq": 17, "msg": "hello tcprtt"}')>
Body: {"thread": 4, "seq": 17, "msg": "hello tcprtt"}
Parsed JSON: {'thread': 4, 'seq': 17, 'msg': 'hello tcprtt'}

[2025-11-17 14:24:23.154867] Received HTTP Request:
Headers: <Header('host': '127.0.0.1:8000', 'user-agent': 'python-requests/2.32.5', 'accept-encoding': 'gzip, deflate', 'accept': '*/*', 'connection': 'close', 'content-length': '47', 'content-type': 'application/json', '{"thread"': '3, "seq": 14, "msg": "hello tcprtt"}')>
Body: {"thread": 3, "seq": 14, "msg": "hello tcprtt"}
Parsed JSON: {'thread': 3, 'seq': 14, 'msg': 'hello tcprtt'}

[2025-11-17 14:24:23.358001] Received HTTP Request:
